<?xml version="1.0" encoding="UTF-8"?>
<!-- Generated by org.testng.reporters.JUnitXMLReporter -->
<testsuite ignored="1" hostname="Fatema-Kassim" failures="18" tests="82" name="Test" time="418.251" errors="0" timestamp="2025-03-21T11:40:46 GST">
  <testcase classname="tests.Search" name="verifySearchWithAnExistingProduct" time="0.602"/>
  <testcase classname="tests.Search" name="verifySearchWithAnNonExistingProduct" time="0.125">
    <failure type="java.lang.IllegalArgumentException" message="Keys to send should be a not null CharSequence">
      <![CDATA[java.lang.IllegalArgumentException: Keys to send should be a not null CharSequence
at org.openqa.selenium.remote.RemoteWebElement.sendKeys(RemoteWebElement.java:96)
at org.openqa.selenium.support.pagefactory.internal.LocatingElementHandler.invoke(LocatingElementHandler.java:51)
at jdk.proxy2/jdk.proxy2.$Proxy13.sendKeys(Unknown Source)
at utils.ElementUtilities.enterTextIntoElement(ElementUtilities.java:126)
at pages.HeaderOptions.enterProductIntoSearchBoxField(HeaderOptions.java:75)
at tests.Search.verifySearchWithAnNonExistingProduct(Search.java:39)
at java.base/java.util.ArrayList.forEach(ArrayList.java:1596)
... Removed 27 stack frames]]>
    </failure>
  </testcase> <!-- verifySearchWithAnNonExistingProduct -->
  <testcase classname="tests.Search" name="verifySearchWithoutAnyProduct" time="0.338"/>
  <testcase classname="tests.Search" name="verifySearchAfterLogin" time="1.282">
    <failure type="org.openqa.selenium.StaleElementReferenceException" message="stale element reference: stale element not found
  (Session info: chrome=134.0.6998.89)
For documentation on this error, please visit: https://www.selenium.dev/documentation/webdriver/troubleshooting/errors#stale-element-reference-exception
Build info: version: &amp;apos;4.29.0&amp;apos;, revision: &amp;apos;5fc1ec94cb&amp;apos;
System info: os.name: &amp;apos;Windows 11&amp;apos;, os.arch: &amp;apos;amd64&amp;apos;, os.version: &amp;apos;10.0&amp;apos;, java.version: &amp;apos;21.0.1&amp;apos;
Driver info: org.openqa.selenium.chrome.ChromeDriver
Command: [26298268b67b76b8e0d8c5fd53593aa1, isElementDisplayed {id=f.4E2B4665A7CFE3A6CC7FAC40794F0D8C.d.BA8B38B7EC7B29B4A24532F9E792DE0F.e.822}]
Capabilities {acceptInsecureCerts: false, browserName: chrome, browserVersion: 134.0.6998.89, chrome: {chromedriverVersion: 134.0.6998.90 (219ee74681fc..., userDataDir: C:\Users\kassi\AppData\Loca...}, fedcm:accounts: true, goog:chromeOptions: {debuggerAddress: localhost:62861}, networkConnectionEnabled: false, pageLoadStrategy: normal, platformName: windows, proxy: Proxy(), se:cdp: ws://localhost:62861/devtoo..., se:cdpVersion: 134.0.6998.89, setWindowRect: true, strictFileInteractability: false, timeouts: {implicit: 0, pageLoad: 300000, script: 30000}, unhandledPromptBehavior: dismiss and notify, webauthn:extension:credBlob: true, webauthn:extension:largeBlob: true, webauthn:extension:minPinLength: true, webauthn:extension:prf: true, webauthn:virtualAuthenticators: true}
Element: [[ChromeDriver: chrome on windows (26298268b67b76b8e0d8c5fd53593aa1)] -&amp;gt; name: search]
Session ID: 26298268b67b76b8e0d8c5fd53593aa1">
      <![CDATA[org.openqa.selenium.StaleElementReferenceException: stale element reference: stale element not found
  (Session info: chrome=134.0.6998.89)
For documentation on this error, please visit: https://www.selenium.dev/documentation/webdriver/troubleshooting/errors#stale-element-reference-exception
Build info: version: '4.29.0', revision: '5fc1ec94cb'
System info: os.name: 'Windows 11', os.arch: 'amd64', os.version: '10.0', java.version: '21.0.1'
Driver info: org.openqa.selenium.chrome.ChromeDriver
Command: [26298268b67b76b8e0d8c5fd53593aa1, isElementDisplayed {id=f.4E2B4665A7CFE3A6CC7FAC40794F0D8C.d.BA8B38B7EC7B29B4A24532F9E792DE0F.e.822}]
Capabilities {acceptInsecureCerts: false, browserName: chrome, browserVersion: 134.0.6998.89, chrome: {chromedriverVersion: 134.0.6998.90 (219ee74681fc..., userDataDir: C:\Users\kassi\AppData\Loca...}, fedcm:accounts: true, goog:chromeOptions: {debuggerAddress: localhost:62861}, networkConnectionEnabled: false, pageLoadStrategy: normal, platformName: windows, proxy: Proxy(), se:cdp: ws://localhost:62861/devtoo..., se:cdpVersion: 134.0.6998.89, setWindowRect: true, strictFileInteractability: false, timeouts: {implicit: 0, pageLoad: 300000, script: 30000}, unhandledPromptBehavior: dismiss and notify, webauthn:extension:credBlob: true, webauthn:extension:largeBlob: true, webauthn:extension:minPinLength: true, webauthn:extension:prf: true, webauthn:virtualAuthenticators: true}
Element: [[ChromeDriver: chrome on windows (26298268b67b76b8e0d8c5fd53593aa1)] -> name: search]
Session ID: 26298268b67b76b8e0d8c5fd53593aa1
at org.openqa.selenium.remote.ErrorCodec.decode(ErrorCodec.java:167)
at org.openqa.selenium.remote.codec.w3c.W3CHttpResponseCodec.decode(W3CHttpResponseCodec.java:138)
at org.openqa.selenium.remote.codec.w3c.W3CHttpResponseCodec.decode(W3CHttpResponseCodec.java:50)
at org.openqa.selenium.remote.HttpCommandExecutor.execute(HttpCommandExecutor.java:215)
at org.openqa.selenium.remote.service.DriverCommandExecutor.invokeExecute(DriverCommandExecutor.java:216)
at org.openqa.selenium.remote.service.DriverCommandExecutor.execute(DriverCommandExecutor.java:174)
at org.openqa.selenium.remote.RemoteWebDriver.execute(RemoteWebDriver.java:545)
at org.openqa.selenium.remote.RemoteWebElement.execute(RemoteWebElement.java:223)
at org.openqa.selenium.remote.RemoteWebElement.isDisplayed(RemoteWebElement.java:282)
at org.openqa.selenium.support.pagefactory.internal.LocatingElementHandler.invoke(LocatingElementHandler.java:51)
at jdk.proxy2/jdk.proxy2.$Proxy13.isDisplayed(Unknown Source)
at utils.ElementUtilities.isElementDisplayedOnPage(ElementUtilities.java:93)
at utils.ElementUtilities.enterTextIntoElement(ElementUtilities.java:124)
at pages.HeaderOptions.enterProductIntoSearchBoxField(HeaderOptions.java:75)
at tests.Search.verifySearchAfterLogin(Search.java:57)
at java.base/java.util.ArrayList.forEach(ArrayList.java:1596)
... Removed 30 stack frames]]>
    </failure>
  </testcase> <!-- verifySearchAfterLogin -->
  <testcase classname="tests.Search" name="verifySearchWithProductHavingMultipleProducts" time="0.579"/>
  <testcase classname="tests.Search" name="verifyPlaceholdersInSearchPage" time="0.378"/>
  <testcase classname="tests.Search" name="verifySearchUsingSerchCriteriaField" time="1.043"/>
  <testcase classname="tests.Search" name="verifySearchUsingTextInProductDescription" time="1.059"/>
  <testcase classname="tests.Search" name="verifySearchBySelectingCategoryOfProduct" time="1.667"/>
  <testcase classname="tests.Search" name="verifySearchBySelectingSubCategoryOfProduct" time="1.441"/>
  <testcase classname="tests.Search" name="verifyListAndGridViewsInSearchResultsPageHavingOneProduct" time="4.921"/>
  <testcase classname="tests.Search" name="verifyListAndGridViewsWhenMultipleProductsAreDisplayed" time="0.778"/>
  <testcase classname="tests.Search" name="verifyNavigationToProductComparisonPageFromSearchResultsPage" time="0.796"/>
  <testcase classname="tests.Search" name="verifyAllSortingOptionsInSearchResultsPage" time="0.719"/>
  <testcase classname="tests.Search" name="verifyShowProductsByLimitingCount" time="0.765">
    <failure type="java.lang.AssertionError" message="expected [true] but found [false]">
      <![CDATA[java.lang.AssertionError: expected [true] but found [false]
at tests.Search.verifyShowProductsByLimitingCount(Search.java:212)
at java.base/java.util.ArrayList.forEach(ArrayList.java:1596)
... Removed 29 stack frames]]>
    </failure>
  </testcase> <!-- verifyShowProductsByLimitingCount -->
  <testcase classname="tests.Search" name="verifyDisplayingOfSearchFieldAndSearchButtonOnAllPagesOfTheApplication" time="27.41"/>
  <testcase classname="tests.Search" name="verifyNavigatingToSearchPageFromSiteMapPage" time="0.597"/>
  <testcase classname="tests.Search" name="verifyBreadcrumbOptionInSearchResultsPage" time="0.893"/>
  <testcase classname="tests.Search" name="verifyUsingAllOptionsOnSearchResultsPageUsingKeyboardKeys" time="4.151"/>
  <testcase classname="tests.Search" name="verifySearchPageHeadingTitleURL" time="0.336"/>
  <testcase classname="tests.Search" name="verifySearchPageUI" time="0.594"/>
  <testcase classname="tests.Search" name="verifySearchFunctionalityInAllEnvironments" time="0.553"/>
  <testcase classname="tests.Register" name="verifyRegisteringAccountUsingMandatoryFields" time="1.929"/>
  <testcase classname="tests.Register" name="verifyThankYourConfirmationEmailOnSuccessfulRegistration" time="4.635"/>
  <testcase classname="tests.Register" name="verifyRegistringAccountUsingAllFields" time="1.806"/>
  <testcase classname="tests.Register" name="verifyWarningMessageOfMandatoryFieldsInRegisterAccountPage" time="0.545"/>
  <testcase classname="tests.Register" name="verifyRegisteringAccountBySubscribingToNewsletter" time="2.349"/>
  <testcase classname="tests.Register" name="verifyRegisteringAccountByNotSubscribingToNewsletter" time="2.074"/>
  <testcase classname="tests.Register" name="verifyDifferentWaysOfNavigatingToRegisterAccountPage" time="1.217"/>
  <testcase classname="tests.Register" name="verifyRegisteringAccountByProvidingMismatchedPasswords" time="1.301"/>
  <testcase classname="tests.Register" name="verifyRegisterAccountWithExistingEmailAddress" time="1.424"/>
  <testcase classname="tests.Register" name="verifyRegisteringAccountUsingInvalidEmail" time="2.345"/>
  <testcase classname="tests.Register" name="verifyRegisteringAccountUsingInvalidTelephoneNumber" time="4.444">
    <failure type="java.lang.AssertionError" message="expected [true] but found [false]">
      <![CDATA[java.lang.AssertionError: expected [true] but found [false]
at tests.Register.verifyRegisteringAccountUsingInvalidTelephoneNumber(Register.java:384)
at java.base/java.util.ArrayList.forEach(ArrayList.java:1596)
... Removed 29 stack frames]]>
    </failure>
  </testcase> <!-- verifyRegisteringAccountUsingInvalidTelephoneNumber -->
  <testcase classname="tests.Register" name="verifyRegisteringAccountUsingKeyboardKeys" time="1.058"/>
  <testcase classname="tests.Register" name="verifyRegisterAccountPagePlaceholders" time="0.066"/>
  <testcase classname="tests.Register" name="verifyMandatoryFieldsInRegisterAccountPage" time="0.117">
    <failure type="java.lang.AssertionError" message="expected [&amp;quot;* &amp;quot;] but found [none]">
      <![CDATA[java.lang.AssertionError: expected ["* "] but found [none]
at tests.Register.verifyMandatoryFieldsInRegisterAccountPage(Register.java:510)
at java.base/java.util.ArrayList.forEach(ArrayList.java:1596)
... Removed 31 stack frames]]>
    </failure>
  </testcase> <!-- verifyMandatoryFieldsInRegisterAccountPage -->
  <testcase classname="tests.Register" name="verifyRegisteringAccountByEnteringOnlySpaces" time="4.426">
    <failure type="java.lang.AssertionError" message="expected [Telephone does not appear to be valid!] but found []">
      <![CDATA[java.lang.AssertionError: expected [Telephone does not appear to be valid!] but found []
at tests.Register.verifyRegisteringAccountByEnteringOnlySpaces(Register.java:622)
at java.base/java.util.ArrayList.forEach(ArrayList.java:1596)
... Removed 31 stack frames]]>
    </failure>
  </testcase> <!-- verifyRegisteringAccountByEnteringOnlySpaces -->
  <testcase classname="tests.Register" name="verifyRegisteringAccountUsingPasswordsWhichAreNotFollowingPasswordComplexityStandards" time="3.83">
    <failure type="java.lang.AssertionError" message="expected [true] but found [false]">
      <![CDATA[java.lang.AssertionError: expected [true] but found [false]
at tests.Register.verifyRegisteringAccountUsingPasswordsWhichAreNotFollowingPasswordComplexityStandards(Register.java:655)
at java.base/java.util.ArrayList.forEach(ArrayList.java:1596)
... Removed 29 stack frames]]>
    </failure>
  </testcase> <!-- verifyRegisteringAccountUsingPasswordsWhichAreNotFollowingPasswordComplexityStandards -->
  <testcase classname="tests.Register" name="verifyRegisteringAccountUsingPasswordsWhichAreNotFollowingPasswordComplexityStandards" time="3.895">
    <failure type="java.lang.AssertionError" message="expected [true] but found [false]">
      <![CDATA[java.lang.AssertionError: expected [true] but found [false]
at tests.Register.verifyRegisteringAccountUsingPasswordsWhichAreNotFollowingPasswordComplexityStandards(Register.java:655)
at java.base/java.util.ArrayList.forEach(ArrayList.java:1596)
... Removed 29 stack frames]]>
    </failure>
  </testcase> <!-- verifyRegisteringAccountUsingPasswordsWhichAreNotFollowingPasswordComplexityStandards -->
  <testcase classname="tests.Register" name="verifyRegisteringAccountUsingPasswordsWhichAreNotFollowingPasswordComplexityStandards" time="3.869">
    <failure type="java.lang.AssertionError" message="expected [true] but found [false]">
      <![CDATA[java.lang.AssertionError: expected [true] but found [false]
at tests.Register.verifyRegisteringAccountUsingPasswordsWhichAreNotFollowingPasswordComplexityStandards(Register.java:655)
at java.base/java.util.ArrayList.forEach(ArrayList.java:1596)
... Removed 29 stack frames]]>
    </failure>
  </testcase> <!-- verifyRegisteringAccountUsingPasswordsWhichAreNotFollowingPasswordComplexityStandards -->
  <testcase classname="tests.Register" name="verifyRegisteringAccountUsingPasswordsWhichAreNotFollowingPasswordComplexityStandards" time="4.464">
    <failure type="java.lang.AssertionError" message="expected [true] but found [false]">
      <![CDATA[java.lang.AssertionError: expected [true] but found [false]
at tests.Register.verifyRegisteringAccountUsingPasswordsWhichAreNotFollowingPasswordComplexityStandards(Register.java:655)
at java.base/java.util.ArrayList.forEach(ArrayList.java:1596)
... Removed 29 stack frames]]>
    </failure>
  </testcase> <!-- verifyRegisteringAccountUsingPasswordsWhichAreNotFollowingPasswordComplexityStandards -->
  <testcase classname="tests.Register" name="verifyRegisteringAccountUsingPasswordsWhichAreNotFollowingPasswordComplexityStandards" time="4.422">
    <failure type="java.lang.AssertionError" message="expected [true] but found [false]">
      <![CDATA[java.lang.AssertionError: expected [true] but found [false]
at tests.Register.verifyRegisteringAccountUsingPasswordsWhichAreNotFollowingPasswordComplexityStandards(Register.java:655)
at java.base/java.util.ArrayList.forEach(ArrayList.java:1596)
... Removed 29 stack frames]]>
    </failure>
  </testcase> <!-- verifyRegisteringAccountUsingPasswordsWhichAreNotFollowingPasswordComplexityStandards -->
  <testcase classname="tests.Register" name="verifyHeightWidthNumberOfCharacters" time="13.397">
    <failure type="java.lang.AssertionError" message="expected [Telephone must be between 3 and 32 characters!] but found []">
      <![CDATA[java.lang.AssertionError: expected [Telephone must be between 3 and 32 characters!] but found []
at tests.Register.verifyHeightWidthNumberOfCharacters(Register.java:759)
at java.base/java.util.ArrayList.forEach(ArrayList.java:1596)
... Removed 31 stack frames]]>
    </failure>
  </testcase> <!-- verifyHeightWidthNumberOfCharacters -->
  <testcase classname="tests.Register" name="verifyRegisterAccountUsingLeadingAndTrailingSpaces" time="2.042">
    <failure type="java.lang.AssertionError" message="The following asserts failed:
	expected [Arun] but found [     Arun     ],
	expected [Motoori] but found [     Motoori     ],
	expected [1234567890] but found [     1234567890     ]">
      <![CDATA[java.lang.AssertionError: The following asserts failed:
expected [Arun] but found [     Arun     ],
expected [Motoori] but found [     Motoori     ],
expected [1234567890] but found [     1234567890     ]
at tests.Register.verifyRegisterAccountUsingLeadingAndTrailingSpaces(Register.java:891)
at java.base/java.util.ArrayList.forEach(ArrayList.java:1596)
... Removed 27 stack frames]]>
    </failure>
  </testcase> <!-- verifyRegisterAccountUsingLeadingAndTrailingSpaces -->
  <testcase classname="tests.Register" name="verifyRegisterAccountPrivacyPolicyField" time="0.028"/>
  <testcase classname="tests.Register" name="verifyRegisteringAccountWithoutSelectingPrivacyPolicyCheckboxField" time="1.068"/>
  <testcase classname="tests.Register" name="verifyRegisteringAccountPasswordFieldsForSecurity" time="0.046"/>
  <testcase classname="tests.Register" name="verifyRegisterAccountPageNavigations" time="13.605"/>
  <testcase classname="tests.Register" name="verifyRegisteringAccountWithoutEnteringConfirmationPassword" time="1.062"/>
  <testcase classname="tests.Register" name="verifyRegisterAccountPageBreadcrumbURLTitleHeading" time="0.012">
    <failure type="java.lang.AssertionError" message="expected [index.php?route=account/register] but found [https://tutorialsninja.com/demo/index.php?route=account/register]">
      <![CDATA[java.lang.AssertionError: expected [index.php?route=account/register] but found [https://tutorialsninja.com/demo/index.php?route=account/register]
at tests.Register.verifyRegisterAccountPageBreadcrumbURLTitleHeading(Register.java:1123)
at java.base/java.util.ArrayList.forEach(ArrayList.java:1596)
... Removed 31 stack frames]]>
    </failure>
  </testcase> <!-- verifyRegisterAccountPageBreadcrumbURLTitleHeading -->
  <testcase classname="tests.Register" name="verifyRegisterAccountUI" time="0.179"/>
  <testcase classname="tests.Register" name="verifyRegisterAccountInAllEnvironments" time="1.429"/>
  <testcase classname="tests.Logout" name="verifyLoggingOutUsingMyAccountLogoutOption" time="2.057"/>
  <testcase classname="tests.Logout" name="verifyLoggingOutUsingRightColumnOptions" time="1.98"/>
  <testcase classname="tests.Logout" name="verifyLoggingOutandBrowsingBack" time="1.419">
    <failure type="org.openqa.selenium.StaleElementReferenceException" message="stale element reference: stale element not found
  (Session info: chrome=134.0.6998.89)
For documentation on this error, please visit: https://www.selenium.dev/documentation/webdriver/troubleshooting/errors#stale-element-reference-exception
Build info: version: &amp;apos;4.29.0&amp;apos;, revision: &amp;apos;5fc1ec94cb&amp;apos;
System info: os.name: &amp;apos;Windows 11&amp;apos;, os.arch: &amp;apos;amd64&amp;apos;, os.version: &amp;apos;10.0&amp;apos;, java.version: &amp;apos;21.0.1&amp;apos;
Driver info: org.openqa.selenium.chrome.ChromeDriver
Command: [08e88b431f4eb4e8bee2c0b8c6479416, isElementDisplayed {id=f.6C1A1DA56BC2D6919FD32021B1C967FC.d.38D715FBCA7CD4590DD535784059A2DF.e.867}]
Capabilities {acceptInsecureCerts: false, browserName: chrome, browserVersion: 134.0.6998.89, chrome: {chromedriverVersion: 134.0.6998.90 (219ee74681fc..., userDataDir: C:\Users\kassi\AppData\Loca...}, fedcm:accounts: true, goog:chromeOptions: {debuggerAddress: localhost:63874}, networkConnectionEnabled: false, pageLoadStrategy: normal, platformName: windows, proxy: Proxy(), se:cdp: ws://localhost:63874/devtoo..., se:cdpVersion: 134.0.6998.89, setWindowRect: true, strictFileInteractability: false, timeouts: {implicit: 0, pageLoad: 300000, script: 30000}, unhandledPromptBehavior: dismiss and notify, webauthn:extension:credBlob: true, webauthn:extension:largeBlob: true, webauthn:extension:minPinLength: true, webauthn:extension:prf: true, webauthn:virtualAuthenticators: true}
Element: [[ChromeDriver: chrome on windows (08e88b431f4eb4e8bee2c0b8c6479416)] -&amp;gt; xpath: //span[text()=&amp;apos;My Account&amp;apos;]]
Session ID: 08e88b431f4eb4e8bee2c0b8c6479416">
      <![CDATA[org.openqa.selenium.StaleElementReferenceException: stale element reference: stale element not found
  (Session info: chrome=134.0.6998.89)
For documentation on this error, please visit: https://www.selenium.dev/documentation/webdriver/troubleshooting/errors#stale-element-reference-exception
Build info: version: '4.29.0', revision: '5fc1ec94cb'
System info: os.name: 'Windows 11', os.arch: 'amd64', os.version: '10.0', java.version: '21.0.1'
Driver info: org.openqa.selenium.chrome.ChromeDriver
Command: [08e88b431f4eb4e8bee2c0b8c6479416, isElementDisplayed {id=f.6C1A1DA56BC2D6919FD32021B1C967FC.d.38D715FBCA7CD4590DD535784059A2DF.e.867}]
Capabilities {acceptInsecureCerts: false, browserName: chrome, browserVersion: 134.0.6998.89, chrome: {chromedriverVersion: 134.0.6998.90 (219ee74681fc..., userDataDir: C:\Users\kassi\AppData\Loca...}, fedcm:accounts: true, goog:chromeOptions: {debuggerAddress: localhost:63874}, networkConnectionEnabled: false, pageLoadStrategy: normal, platformName: windows, proxy: Proxy(), se:cdp: ws://localhost:63874/devtoo..., se:cdpVersion: 134.0.6998.89, setWindowRect: true, strictFileInteractability: false, timeouts: {implicit: 0, pageLoad: 300000, script: 30000}, unhandledPromptBehavior: dismiss and notify, webauthn:extension:credBlob: true, webauthn:extension:largeBlob: true, webauthn:extension:minPinLength: true, webauthn:extension:prf: true, webauthn:virtualAuthenticators: true}
Element: [[ChromeDriver: chrome on windows (08e88b431f4eb4e8bee2c0b8c6479416)] -> xpath: //span[text()='My Account']]
Session ID: 08e88b431f4eb4e8bee2c0b8c6479416
at org.openqa.selenium.remote.ErrorCodec.decode(ErrorCodec.java:167)
at org.openqa.selenium.remote.codec.w3c.W3CHttpResponseCodec.decode(W3CHttpResponseCodec.java:138)
at org.openqa.selenium.remote.codec.w3c.W3CHttpResponseCodec.decode(W3CHttpResponseCodec.java:50)
at org.openqa.selenium.remote.HttpCommandExecutor.execute(HttpCommandExecutor.java:215)
at org.openqa.selenium.remote.service.DriverCommandExecutor.invokeExecute(DriverCommandExecutor.java:216)
at org.openqa.selenium.remote.service.DriverCommandExecutor.execute(DriverCommandExecutor.java:174)
at org.openqa.selenium.remote.RemoteWebDriver.execute(RemoteWebDriver.java:545)
at org.openqa.selenium.remote.RemoteWebElement.execute(RemoteWebElement.java:223)
at org.openqa.selenium.remote.RemoteWebElement.isDisplayed(RemoteWebElement.java:282)
at org.openqa.selenium.support.pagefactory.internal.LocatingElementHandler.invoke(LocatingElementHandler.java:51)
at jdk.proxy2/jdk.proxy2.$Proxy13.isDisplayed(Unknown Source)
at utils.ElementUtilities.isElementDisplayedOnPage(ElementUtilities.java:93)
at utils.ElementUtilities.clickOnElement(ElementUtilities.java:53)
at pages.HeaderOptions.clickOnMyAccountDropMenu(HeaderOptions.java:131)
at tests.Logout.verifyLoggingOutandBrowsingBack(Logout.java:65)
at java.base/java.util.ArrayList.forEach(ArrayList.java:1596)
... Removed 30 stack frames]]>
    </failure>
  </testcase> <!-- verifyLoggingOutandBrowsingBack -->
  <testcase classname="tests.Logout" name="verifyNoLogoutOptionBeforeLogininAccountDropMenu" time="3.131"/>
  <testcase classname="tests.Logout" name="verifyNoLogoutOptionBeforeLoginInRightColumnOptions" time="3.702"/>
  <testcase classname="tests.Logout" name="verifyLoginImmediatelyAfterLogout" time="2.811"/>
  <testcase classname="tests.Logout" name="verifyLogoutPageBreadcrumbURLTitleHeading" time="1.655">
    <failure type="java.lang.AssertionError" message="expected [index.php?route=account/logout] but found [https://tutorialsninja.com/demo/index.php?route=account/logout]">
      <![CDATA[java.lang.AssertionError: expected [index.php?route=account/logout] but found [https://tutorialsninja.com/demo/index.php?route=account/logout]
at tests.Logout.verifyLogoutPageBreadcrumbURLTitleHeading(Logout.java:115)
at java.base/java.util.ArrayList.forEach(ArrayList.java:1596)
... Removed 31 stack frames]]>
    </failure>
  </testcase> <!-- verifyLogoutPageBreadcrumbURLTitleHeading -->
  <testcase classname="tests.Logout" name="verifyLogoutUI" time="2.325"/>
  <testcase classname="tests.Logout" name="verifyLogOutInAllEnvironments" time="2.031"/>
  <testcase classname="tests.Login" name="loginUsingValidCredentials" time="1.041"/>
  <testcase classname="tests.Login" name="loginUsingInvalidCredentials" time="0.793"/>
  <testcase classname="tests.Login" name="loginUsingInvalidEmailAndValidPassword" time="0.859"/>
  <testcase classname="tests.Login" name="loginUsingValidEmailAndInvalidPassword" time="0.735"/>
  <testcase classname="tests.Login" name="loginWithoutCreddentials" time="0.631"/>
  <testcase classname="tests.Login" name="verifyForgottenPasswordLink" time="0.384"/>
  <testcase classname="tests.Login" name="verifyLoggingInUsingKeyboardKeys" time="0.853"/>
  <testcase classname="tests.Login" name="verifyPlaceholdersInLoginPage" time="0.027"/>
  <testcase classname="tests.Login" name="verifyBrowsingBackAfterLogin" time="1.247"/>
  <testcase classname="tests.Login" name="verifyBrowsingBackAfterLogout" time="1.628"/>
  <testcase classname="tests.Login" name="loginUsingInactiveEmail" time="0.927"/>
  <testcase classname="tests.Login" name="verifyNumberOfUnsuccessfulAttempts" time="0.832">
    <failure type="org.openqa.selenium.StaleElementReferenceException" message="stale element reference: stale element not found
  (Session info: chrome=134.0.6998.89)
For documentation on this error, please visit: https://www.selenium.dev/documentation/webdriver/troubleshooting/errors#stale-element-reference-exception
Build info: version: &amp;apos;4.29.0&amp;apos;, revision: &amp;apos;5fc1ec94cb&amp;apos;
System info: os.name: &amp;apos;Windows 11&amp;apos;, os.arch: &amp;apos;amd64&amp;apos;, os.version: &amp;apos;10.0&amp;apos;, java.version: &amp;apos;21.0.1&amp;apos;
Driver info: org.openqa.selenium.chrome.ChromeDriver
Command: [59195a982679dd504c1a5e87f1a233c2, isElementDisplayed {id=f.A1191DA442DFDA0F2046C3AAA2CDCA18.d.7666B7C1143CAA5D832D8CB220D30DB1.e.820}]
Capabilities {acceptInsecureCerts: false, browserName: chrome, browserVersion: 134.0.6998.89, chrome: {chromedriverVersion: 134.0.6998.90 (219ee74681fc..., userDataDir: C:\Users\kassi\AppData\Loca...}, fedcm:accounts: true, goog:chromeOptions: {debuggerAddress: localhost:64229}, networkConnectionEnabled: false, pageLoadStrategy: normal, platformName: windows, proxy: Proxy(), se:cdp: ws://localhost:64229/devtoo..., se:cdpVersion: 134.0.6998.89, setWindowRect: true, strictFileInteractability: false, timeouts: {implicit: 0, pageLoad: 300000, script: 30000}, unhandledPromptBehavior: dismiss and notify, webauthn:extension:credBlob: true, webauthn:extension:largeBlob: true, webauthn:extension:minPinLength: true, webauthn:extension:prf: true, webauthn:virtualAuthenticators: true}
Element: [[ChromeDriver: chrome on windows (59195a982679dd504c1a5e87f1a233c2)] -&amp;gt; id: input-email]
Session ID: 59195a982679dd504c1a5e87f1a233c2">
      <![CDATA[org.openqa.selenium.StaleElementReferenceException: stale element reference: stale element not found
  (Session info: chrome=134.0.6998.89)
For documentation on this error, please visit: https://www.selenium.dev/documentation/webdriver/troubleshooting/errors#stale-element-reference-exception
Build info: version: '4.29.0', revision: '5fc1ec94cb'
System info: os.name: 'Windows 11', os.arch: 'amd64', os.version: '10.0', java.version: '21.0.1'
Driver info: org.openqa.selenium.chrome.ChromeDriver
Command: [59195a982679dd504c1a5e87f1a233c2, isElementDisplayed {id=f.A1191DA442DFDA0F2046C3AAA2CDCA18.d.7666B7C1143CAA5D832D8CB220D30DB1.e.820}]
Capabilities {acceptInsecureCerts: false, browserName: chrome, browserVersion: 134.0.6998.89, chrome: {chromedriverVersion: 134.0.6998.90 (219ee74681fc..., userDataDir: C:\Users\kassi\AppData\Loca...}, fedcm:accounts: true, goog:chromeOptions: {debuggerAddress: localhost:64229}, networkConnectionEnabled: false, pageLoadStrategy: normal, platformName: windows, proxy: Proxy(), se:cdp: ws://localhost:64229/devtoo..., se:cdpVersion: 134.0.6998.89, setWindowRect: true, strictFileInteractability: false, timeouts: {implicit: 0, pageLoad: 300000, script: 30000}, unhandledPromptBehavior: dismiss and notify, webauthn:extension:credBlob: true, webauthn:extension:largeBlob: true, webauthn:extension:minPinLength: true, webauthn:extension:prf: true, webauthn:virtualAuthenticators: true}
Element: [[ChromeDriver: chrome on windows (59195a982679dd504c1a5e87f1a233c2)] -> id: input-email]
Session ID: 59195a982679dd504c1a5e87f1a233c2
at org.openqa.selenium.remote.ErrorCodec.decode(ErrorCodec.java:167)
at org.openqa.selenium.remote.codec.w3c.W3CHttpResponseCodec.decode(W3CHttpResponseCodec.java:138)
at org.openqa.selenium.remote.codec.w3c.W3CHttpResponseCodec.decode(W3CHttpResponseCodec.java:50)
at org.openqa.selenium.remote.HttpCommandExecutor.execute(HttpCommandExecutor.java:215)
at org.openqa.selenium.remote.service.DriverCommandExecutor.invokeExecute(DriverCommandExecutor.java:216)
at org.openqa.selenium.remote.service.DriverCommandExecutor.execute(DriverCommandExecutor.java:174)
at org.openqa.selenium.remote.RemoteWebDriver.execute(RemoteWebDriver.java:545)
at org.openqa.selenium.remote.RemoteWebElement.execute(RemoteWebElement.java:223)
at org.openqa.selenium.remote.RemoteWebElement.isDisplayed(RemoteWebElement.java:282)
at org.openqa.selenium.support.pagefactory.internal.LocatingElementHandler.invoke(LocatingElementHandler.java:51)
at jdk.proxy2/jdk.proxy2.$Proxy13.isDisplayed(Unknown Source)
at utils.ElementUtilities.isElementDisplayedOnPage(ElementUtilities.java:93)
at utils.ElementUtilities.enterTextIntoElement(ElementUtilities.java:124)
at pages.LoginPage.logInToApplication(LoginPage.java:86)
at tests.Login.verifyNumberOfUnsuccessfulAttempts(Login.java:154)
at java.base/java.util.ArrayList.forEach(ArrayList.java:1596)
... Removed 30 stack frames]]>
    </failure>
  </testcase> <!-- verifyNumberOfUnsuccessfulAttempts -->
  <testcase classname="tests.Login" name="verifyLoginPasswordFieldForVisibility" time="0.017"/>
  <testcase classname="tests.Login" name="verifyCopyingOfTextEnteredIntoPasswordField" time="0.326"/>
  <testcase classname="tests.Login" name="verifyPasswordIsNotVisibleInPageSource" time="0.199"/>
  <testcase classname="tests.Login" name="verifyLoggingIntoApplicaLtionUsingChangedPassword" time="4.774"/>
  <testcase classname="tests.Login" name="verifyLoginAccountPageNavigations" time="14.761"/>
  <testcase classname="tests.Login" name="verifyDifferrentWaysOfNavigatingToLoginPage" time="1.282"/>
  <testcase classname="tests.Login" name="verifyRegisterAccountPageBreadcrumbURLTitleHeading" time="0.035">
    <failure type="java.lang.AssertionError" message="expected [index.php?route=account/login] but found [https://tutorialsninja.com/demo/index.php?route=account/login]">
      <![CDATA[java.lang.AssertionError: expected [index.php?route=account/login] but found [https://tutorialsninja.com/demo/index.php?route=account/login]
at tests.Login.verifyRegisterAccountPageBreadcrumbURLTitleHeading(Login.java:394)
at java.base/java.util.ArrayList.forEach(ArrayList.java:1596)
... Removed 31 stack frames]]>
    </failure>
  </testcase> <!-- verifyRegisterAccountPageBreadcrumbURLTitleHeading -->
  <testcase classname="tests.Login" name="verifyLoginPageUI" time="0.197"/>
  <testcase classname="tests.Login" name="verifyRegisterAccountInAllEnvironments" time="1.318"/>
  <testcase classname="tests.Register" name="verifyDataBaseTestingForRegisterAccount" time="0.0">
    <ignored/>
  </testcase> <!-- verifyDataBaseTestingForRegisterAccount -->
</testsuite> <!-- Test -->
