<?xml version="1.0" encoding="UTF-8"?>
<testng-results ignored="0" total="3" passed="2" failed="1" skipped="0">
  <reporter-output>
  </reporter-output>
  <suite started-at="2025-03-25T12:32:16 GST" name="Suite" finished-at="2025-03-25T12:32:39 GST" duration-ms="22158">
    <groups>
    </groups>
    <test started-at="2025-03-25T12:32:16 GST" name="Test" finished-at="2025-03-25T12:32:39 GST" duration-ms="22158">
      <class name="tests.Login">
        <test-method is-config="true" signature="setup()[pri:0, instance:tests.Login@397fbdb]" started-at="2025-03-25T12:32:17 GST" name="setup" finished-at="2025-03-25T12:32:21 GST" duration-ms="4661" status="PASS">
          <reporter-output>
          </reporter-output>
        </test-method> <!-- setup -->
        <test-method signature="verifyCopyingOfTextEnteredIntoPasswordField()[pri:14, instance:tests.Login@397fbdb]" started-at="2025-03-25T12:32:21 GST" name="verifyCopyingOfTextEnteredIntoPasswordField" finished-at="2025-03-25T12:32:22 GST" duration-ms="556" status="PASS">
          <reporter-output>
          </reporter-output>
        </test-method> <!-- verifyCopyingOfTextEnteredIntoPasswordField -->
        <test-method is-config="true" signature="teardown()[pri:0, instance:tests.Login@397fbdb]" started-at="2025-03-25T12:32:22 GST" name="teardown" finished-at="2025-03-25T12:32:23 GST" duration-ms="523" status="PASS">
          <reporter-output>
          </reporter-output>
        </test-method> <!-- teardown -->
        <test-method is-config="true" signature="setup()[pri:0, instance:tests.Login@397fbdb]" started-at="2025-03-25T12:32:23 GST" name="setup" finished-at="2025-03-25T12:32:26 GST" duration-ms="3405" status="PASS">
          <reporter-output>
          </reporter-output>
        </test-method> <!-- setup -->
        <test-method signature="verifyPasswordIsNotVisibleInPageSource()[pri:15, instance:tests.Login@397fbdb]" started-at="2025-03-25T12:32:26 GST" name="verifyPasswordIsNotVisibleInPageSource" finished-at="2025-03-25T12:32:27 GST" duration-ms="1174" status="FAIL">
          <exception class="java.lang.AssertionError">
            <message>
              <![CDATA[expected [false] but found [true]]]>
            </message>
            <full-stacktrace>
              <![CDATA[java.lang.AssertionError: expected [false] but found [true]
at org.testng.Assert.fail(Assert.java:111)
at org.testng.Assert.failNotEquals(Assert.java:1578)
at org.testng.Assert.assertFalse(Assert.java:79)
at org.testng.Assert.assertFalse(Assert.java:89)
at tests.Login.verifyPasswordIsNotVisibleInPageSource(Login.java:182)
at java.base/jdk.internal.reflect.DirectMethodHandleAccessor.invoke(DirectMethodHandleAccessor.java:103)
at java.base/java.lang.reflect.Method.invoke(Method.java:580)
at org.testng.internal.invokers.MethodInvocationHelper.invokeMethod(MethodInvocationHelper.java:141)
at org.testng.internal.invokers.TestInvoker.invokeMethod(TestInvoker.java:686)
at org.testng.internal.invokers.TestInvoker.invokeTestMethod(TestInvoker.java:230)
at org.testng.internal.invokers.MethodRunner.runInSequence(MethodRunner.java:63)
at org.testng.internal.invokers.TestInvoker$MethodInvocationAgent.invoke(TestInvoker.java:992)
at org.testng.internal.invokers.TestInvoker.invokeTestMethods(TestInvoker.java:203)
at org.testng.internal.invokers.TestMethodWorker.invokeTestMethods(TestMethodWorker.java:154)
at org.testng.internal.invokers.TestMethodWorker.run(TestMethodWorker.java:134)
at java.base/java.util.ArrayList.forEach(ArrayList.java:1596)
at org.testng.TestRunner.privateRun(TestRunner.java:739)
at org.testng.TestRunner.run(TestRunner.java:614)
at org.testng.SuiteRunner.runTest(SuiteRunner.java:421)
at org.testng.SuiteRunner.runSequentially(SuiteRunner.java:413)
at org.testng.SuiteRunner.privateRun(SuiteRunner.java:373)
at org.testng.SuiteRunner.run(SuiteRunner.java:312)
at org.testng.SuiteRunnerWorker.runSuite(SuiteRunnerWorker.java:52)
at org.testng.SuiteRunnerWorker.run(SuiteRunnerWorker.java:95)
at org.testng.TestNG.runSuitesSequentially(TestNG.java:1274)
at org.testng.TestNG.runSuitesLocally(TestNG.java:1208)
at org.testng.TestNG.runSuites(TestNG.java:1112)
at org.testng.TestNG.run(TestNG.java:1079)
at org.testng.remote.AbstractRemoteTestNG.run(AbstractRemoteTestNG.java:115)
at org.testng.remote.RemoteTestNG.initAndRun(RemoteTestNG.java:293)
at org.testng.remote.RemoteTestNG.main(RemoteTestNG.java:91)
]]>
            </full-stacktrace>
          </exception> <!-- java.lang.AssertionError -->
          <reporter-output>
          </reporter-output>
        </test-method> <!-- verifyPasswordIsNotVisibleInPageSource -->
        <test-method is-config="true" signature="teardown()[pri:0, instance:tests.Login@397fbdb]" started-at="2025-03-25T12:32:27 GST" name="teardown" finished-at="2025-03-25T12:32:28 GST" duration-ms="596" status="PASS">
          <reporter-output>
          </reporter-output>
        </test-method> <!-- teardown -->
        <test-method is-config="true" signature="setup()[pri:0, instance:tests.Login@397fbdb]" started-at="2025-03-25T12:32:28 GST" name="setup" finished-at="2025-03-25T12:32:31 GST" duration-ms="3319" status="PASS">
          <reporter-output>
          </reporter-output>
        </test-method> <!-- setup -->
        <test-method signature="verifyLoggingIntoApplicaLtionUsingChangedPassword()[pri:16, instance:tests.Login@397fbdb]" started-at="2025-03-25T12:32:31 GST" name="verifyLoggingIntoApplicaLtionUsingChangedPassword" finished-at="2025-03-25T12:32:38 GST" duration-ms="6921" status="PASS">
          <reporter-output>
          </reporter-output>
        </test-method> <!-- verifyLoggingIntoApplicaLtionUsingChangedPassword -->
        <test-method is-config="true" signature="teardown()[pri:0, instance:tests.Login@397fbdb]" started-at="2025-03-25T12:32:38 GST" name="teardown" finished-at="2025-03-25T12:32:39 GST" duration-ms="400" status="PASS">
          <reporter-output>
          </reporter-output>
        </test-method> <!-- teardown -->
      </class> <!-- tests.Login -->
    </test> <!-- Test -->
  </suite> <!-- Suite -->
</testng-results>
