<?xml version="1.0" encoding="UTF-8"?>
<!-- Generated by org.testng.reporters.JUnitReportReporter -->
<testsuite hostname="Fatema-Kassim" failures="1" tests="22" name="tests.Search" time="140.664" errors="0" timestamp="2025-03-25T10:58:13 GST" skipped="0">
  <testcase classname="tests.Search" name="verifySearchWithAnExistingProduct" time="4.338"/>
  <testcase classname="tests.Search" name="verifySearchWithAnNonExistingProduct" time="4.447"/>
  <testcase classname="tests.Search" name="verifySearchWithoutAnyProduct" time="3.473"/>
  <testcase classname="tests.Search" name="verifySearchAfterLogin" time="7.913"/>
  <testcase classname="tests.Search" name="verifySearchWithProductHavingMultipleProducts" time="4.150"/>
  <testcase classname="tests.Search" name="verifyPlaceholdersInSearchPage" time="4.289"/>
  <testcase classname="tests.Search" name="verifySearchUsingSerchCriteriaField" time="5.003"/>
  <testcase classname="tests.Search" name="verifySearchUsingTextInProductDescription" time="5.095"/>
  <testcase classname="tests.Search" name="verifySearchBySelectingCategoryOfProduct" time="7.590"/>
  <testcase classname="tests.Search" name="verifySearchBySelectingSubCategoryOfProduct" time="5.325"/>
  <testcase classname="tests.Search" name="verifyListAndGridViewsInSearchResultsPageHavingOneProduct" time="9.696"/>
  <testcase classname="tests.Search" name="verifyListAndGridViewsWhenMultipleProductsAreDisplayed" time="4.359"/>
  <testcase classname="tests.Search" name="verifyNavigationToProductComparisonPageFromSearchResultsPage" time="5.201"/>
  <testcase classname="tests.Search" name="verifyAllSortingOptionsInSearchResultsPage" time="4.393"/>
  <testcase classname="tests.Search" name="verifyShowProductsByLimitingCount" time="4.424">
    <failure message="expected [true] but found [false]" type="java.lang.AssertionError">
      <![CDATA[java.lang.AssertionError: expected [true] but found [false]
at org.testng.Assert.fail(Assert.java:111)
at org.testng.Assert.failNotEquals(Assert.java:1578)
at org.testng.Assert.assertTrue(Assert.java:57)
at org.testng.Assert.assertTrue(Assert.java:67)
at tests.Search.verifyShowProductsByLimitingCount(Search.java:212)
at java.base/jdk.internal.reflect.DirectMethodHandleAccessor.invoke(DirectMethodHandleAccessor.java:103)
at java.base/java.lang.reflect.Method.invoke(Method.java:580)
at org.testng.internal.invokers.MethodInvocationHelper.invokeMethod(MethodInvocationHelper.java:141)
at org.testng.internal.invokers.TestInvoker.invokeMethod(TestInvoker.java:686)
at org.testng.internal.invokers.TestInvoker.invokeTestMethod(TestInvoker.java:230)
at org.testng.internal.invokers.MethodRunner.runInSequence(MethodRunner.java:63)
at org.testng.internal.invokers.TestInvoker$MethodInvocationAgent.invoke(TestInvoker.java:992)
at org.testng.internal.invokers.TestInvoker.invokeTestMethods(TestInvoker.java:203)
at org.testng.internal.invokers.TestMethodWorker.invokeTestMethods(TestMethodWorker.java:154)
at org.testng.internal.invokers.TestMethodWorker.run(TestMethodWorker.java:134)
at java.base/java.util.ArrayList.forEach(ArrayList.java:1596)
at org.testng.TestRunner.privateRun(TestRunner.java:739)
at org.testng.TestRunner.run(TestRunner.java:614)
at org.testng.SuiteRunner.runTest(SuiteRunner.java:421)
at org.testng.SuiteRunner.runSequentially(SuiteRunner.java:413)
at org.testng.SuiteRunner.privateRun(SuiteRunner.java:373)
at org.testng.SuiteRunner.run(SuiteRunner.java:312)
at org.testng.SuiteRunnerWorker.runSuite(SuiteRunnerWorker.java:52)
at org.testng.SuiteRunnerWorker.run(SuiteRunnerWorker.java:95)
at org.testng.TestNG.runSuitesSequentially(TestNG.java:1274)
at org.testng.TestNG.runSuitesLocally(TestNG.java:1208)
at org.testng.TestNG.runSuites(TestNG.java:1112)
at org.testng.TestNG.run(TestNG.java:1079)
at org.testng.remote.AbstractRemoteTestNG.run(AbstractRemoteTestNG.java:115)
at org.testng.remote.RemoteTestNG.initAndRun(RemoteTestNG.java:293)
at org.testng.remote.RemoteTestNG.main(RemoteTestNG.java:91)
]]>
    </failure>
  </testcase> <!-- verifyShowProductsByLimitingCount -->
  <testcase classname="tests.Search" name="verifyDisplayingOfSearchFieldAndSearchButtonOnAllPagesOfTheApplication" time="35.123"/>
  <testcase classname="tests.Search" name="verifyNavigatingToSearchPageFromSiteMapPage" time="3.793"/>
  <testcase classname="tests.Search" name="verifyBreadcrumbOptionInSearchResultsPage" time="4.038"/>
  <testcase classname="tests.Search" name="verifyUsingAllOptionsOnSearchResultsPageUsingKeyboardKeys" time="7.818"/>
  <testcase classname="tests.Search" name="verifySearchPageHeadingTitleURL" time="2.592"/>
  <testcase classname="tests.Search" name="verifySearchPageUI" time="3.428"/>
  <testcase classname="tests.Search" name="verifySearchFunctionalityInAllEnvironments" time="4.176"/>
</testsuite> <!-- tests.Search -->
